Running with CUDA on GPU 1	
Epoch 1.00 / 500, i = 1 / 6470500, lr= 0.001000, loss = 7.636865	
Epoch 1.00 / 500, i = 2 / 6470500, lr= 0.001000, loss = 2.213507	
Epoch 1.00 / 500, i = 3 / 6470500, lr= 0.001000, loss = 1.974031	
Epoch 1.00 / 500, i = 4 / 6470500, lr= 0.001000, loss = 2.018353	
Epoch 1.00 / 500, i = 5 / 6470500, lr= 0.001000, loss = 1.812932	
Epoch 1.00 / 500, i = 6 / 6470500, lr= 0.001000, loss = 1.819512	
Epoch 1.00 / 500, i = 7 / 6470500, lr= 0.001000, loss = 1.826711	
Epoch 1.00 / 500, i = 8 / 6470500, lr= 0.001000, loss = 1.683261	
Epoch 1.00 / 500, i = 9 / 6470500, lr= 0.001000, loss = 1.489341	
Epoch 1.00 / 500, i = 10 / 6470500, lr= 0.001000, loss = 1.589992	
Epoch 1.00 / 500, i = 11 / 6470500, lr= 0.001000, loss = 1.510627	
Epoch 1.00 / 500, i = 12 / 6470500, lr= 0.001000, loss = 1.537297	
Epoch 1.00 / 500, i = 13 / 6470500, lr= 0.001000, loss = 1.470491	
Epoch 1.00 / 500, i = 14 / 6470500, lr= 0.001000, loss = 1.403430	
Epoch 1.00 / 500, i = 15 / 6470500, lr= 0.001000, loss = 1.307441	
Epoch 1.00 / 500, i = 16 / 6470500, lr= 0.001000, loss = 1.314727	
Epoch 1.00 / 500, i = 17 / 6470500, lr= 0.001000, loss = 1.326499	
Epoch 1.00 / 500, i = 18 / 6470500, lr= 0.001000, loss = 1.420948	
Epoch 1.00 / 500, i = 19 / 6470500, lr= 0.001000, loss = 1.379096	
Epoch 1.00 / 500, i = 20 / 6470500, lr= 0.001000, loss = 1.366951	
Epoch 1.00 / 500, i = 21 / 6470500, lr= 0.001000, loss = 1.271737	
Epoch 1.00 / 500, i = 22 / 6470500, lr= 0.001000, loss = 1.294339	
Epoch 1.00 / 500, i = 23 / 6470500, lr= 0.001000, loss = 1.463722	
Epoch 1.00 / 500, i = 24 / 6470500, lr= 0.001000, loss = 1.290268	
Epoch 1.00 / 500, i = 25 / 6470500, lr= 0.001000, loss = 1.234486	
Epoch 1.00 / 500, i = 26 / 6470500, lr= 0.001000, loss = 1.195702	
Epoch 1.00 / 500, i = 27 / 6470500, lr= 0.001000, loss = 1.193885	
Epoch 1.00 / 500, i = 28 / 6470500, lr= 0.001000, loss = 1.306406	
Epoch 1.00 / 500, i = 29 / 6470500, lr= 0.001000, loss = 1.378687	
Epoch 1.00 / 500, i = 30 / 6470500, lr= 0.001000, loss = 1.297751	
Epoch 1.00 / 500, i = 31 / 6470500, lr= 0.001000, loss = 1.248107	
Epoch 1.00 / 500, i = 32 / 6470500, lr= 0.001000, loss = 1.223674	
Epoch 1.00 / 500, i = 33 / 6470500, lr= 0.001000, loss = 1.262688	
Epoch 1.00 / 500, i = 34 / 6470500, lr= 0.001000, loss = 1.227328	
Epoch 1.00 / 500, i = 35 / 6470500, lr= 0.001000, loss = 1.222677	
Epoch 1.00 / 500, i = 36 / 6470500, lr= 0.001000, loss = 1.162548	
Epoch 1.00 / 500, i = 37 / 6470500, lr= 0.001000, loss = 1.263287	
Epoch 1.00 / 500, i = 38 / 6470500, lr= 0.001000, loss = 1.118886	
Epoch 1.00 / 500, i = 39 / 6470500, lr= 0.001000, loss = 1.329085	
Epoch 1.00 / 500, i = 40 / 6470500, lr= 0.001000, loss = 1.226747	
Epoch 1.00 / 500, i = 41 / 6470500, lr= 0.001000, loss = 1.278111	
Epoch 1.00 / 500, i = 42 / 6470500, lr= 0.001000, loss = 1.184221	
Epoch 1.00 / 500, i = 43 / 6470500, lr= 0.001000, loss = 1.249076	
Epoch 1.00 / 500, i = 44 / 6470500, lr= 0.001000, loss = 1.211664	
Epoch 1.00 / 500, i = 45 / 6470500, lr= 0.001000, loss = 1.178161	
Epoch 1.00 / 500, i = 46 / 6470500, lr= 0.001000, loss = 1.239769	
Epoch 1.00 / 500, i = 47 / 6470500, lr= 0.001000, loss = 1.220481	
Epoch 1.00 / 500, i = 48 / 6470500, lr= 0.001000, loss = 1.163714	
Epoch 1.00 / 500, i = 49 / 6470500, lr= 0.001000, loss = 1.230224	
Epoch 1.00 / 500, i = 50 / 6470500, lr= 0.001000, loss = 1.199867	
Epoch 1.00 / 500, i = 51 / 6470500, lr= 0.001000, loss = 1.135816	
Epoch 1.00 / 500, i = 52 / 6470500, lr= 0.001000, loss = 1.221670	
Epoch 1.00 / 500, i = 53 / 6470500, lr= 0.001000, loss = 1.214311	
Epoch 1.00 / 500, i = 54 / 6470500, lr= 0.001000, loss = 1.100994	
Epoch 1.00 / 500, i = 55 / 6470500, lr= 0.001000, loss = 1.135646	
Epoch 1.00 / 500, i = 56 / 6470500, lr= 0.001000, loss = 1.304530	
Epoch 1.00 / 500, i = 57 / 6470500, lr= 0.001000, loss = 1.062762	
Epoch 1.00 / 500, i = 58 / 6470500, lr= 0.001000, loss = 1.243790	
Epoch 1.00 / 500, i = 59 / 6470500, lr= 0.001000, loss = 1.144157	
Epoch 1.00 / 500, i = 60 / 6470500, lr= 0.001000, loss = 1.218163	
Epoch 1.00 / 500, i = 61 / 6470500, lr= 0.001000, loss = 1.132850	
Epoch 1.00 / 500, i = 62 / 6470500, lr= 0.001000, loss = 1.239719	
Epoch 1.00 / 500, i = 63 / 6470500, lr= 0.001000, loss = 1.117681	
Epoch 1.00 / 500, i = 64 / 6470500, lr= 0.001000, loss = 1.161888	
Epoch 1.01 / 500, i = 65 / 6470500, lr= 0.001000, loss = 1.089416	
Epoch 1.01 / 500, i = 66 / 6470500, lr= 0.001000, loss = 1.104148	
Epoch 1.01 / 500, i = 67 / 6470500, lr= 0.001000, loss = 1.198359	
Epoch 1.01 / 500, i = 68 / 6470500, lr= 0.001000, loss = 1.132325	
Epoch 1.01 / 500, i = 69 / 6470500, lr= 0.001000, loss = 1.053879	
Epoch 1.01 / 500, i = 70 / 6470500, lr= 0.001000, loss = 1.118178	
Epoch 1.01 / 500, i = 71 / 6470500, lr= 0.001000, loss = 1.075688	
Epoch 1.01 / 500, i = 72 / 6470500, lr= 0.001000, loss = 1.156620	
Epoch 1.01 / 500, i = 73 / 6470500, lr= 0.001000, loss = 1.085703	
Epoch 1.01 / 500, i = 74 / 6470500, lr= 0.001000, loss = 1.204200	
Epoch 1.01 / 500, i = 75 / 6470500, lr= 0.001000, loss = 1.125936	
Epoch 1.01 / 500, i = 76 / 6470500, lr= 0.001000, loss = 1.219981	
Epoch 1.01 / 500, i = 77 / 6470500, lr= 0.001000, loss = 1.077873	
Epoch 1.01 / 500, i = 78 / 6470500, lr= 0.001000, loss = 1.290705	
Epoch 1.01 / 500, i = 79 / 6470500, lr= 0.001000, loss = 1.326942	
Epoch 1.01 / 500, i = 80 / 6470500, lr= 0.001000, loss = 1.186942	
Epoch 1.01 / 500, i = 81 / 6470500, lr= 0.001000, loss = 1.105446	
Epoch 1.01 / 500, i = 82 / 6470500, lr= 0.001000, loss = 1.164859	
Epoch 1.01 / 500, i = 83 / 6470500, lr= 0.001000, loss = 1.051068	
Epoch 1.01 / 500, i = 84 / 6470500, lr= 0.001000, loss = 1.235701	
Epoch 1.01 / 500, i = 85 / 6470500, lr= 0.001000, loss = 1.131789	
Epoch 1.01 / 500, i = 86 / 6470500, lr= 0.001000, loss = 1.292245	
Epoch 1.01 / 500, i = 87 / 6470500, lr= 0.001000, loss = 1.238353	
Epoch 1.01 / 500, i = 88 / 6470500, lr= 0.001000, loss = 1.045893	
Epoch 1.01 / 500, i = 89 / 6470500, lr= 0.001000, loss = 1.249066	
Epoch 1.01 / 500, i = 90 / 6470500, lr= 0.001000, loss = 1.217109	
Epoch 1.01 / 500, i = 91 / 6470500, lr= 0.001000, loss = 1.149021	
Epoch 1.01 / 500, i = 92 / 6470500, lr= 0.001000, loss = 1.071971	
Epoch 1.01 / 500, i = 93 / 6470500, lr= 0.001000, loss = 1.163823	
Epoch 1.01 / 500, i = 94 / 6470500, lr= 0.001000, loss = 1.130543	
Epoch 1.01 / 500, i = 95 / 6470500, lr= 0.001000, loss = 1.114734	
Epoch 1.01 / 500, i = 96 / 6470500, lr= 0.001000, loss = 1.167391	
Epoch 1.01 / 500, i = 97 / 6470500, lr= 0.001000, loss = 1.286182	
Epoch 1.01 / 500, i = 98 / 6470500, lr= 0.001000, loss = 1.065916	
Epoch 1.01 / 500, i = 99 / 6470500, lr= 0.001000, loss = 1.166639	
Epoch 1.01 / 500, i = 100 / 6470500, lr= 0.001000, loss = 1.264225	
Epoch 1.01 / 500, i = 101 / 6470500, lr= 0.001000, loss = 1.218537	
Epoch 1.01 / 500, i = 102 / 6470500, lr= 0.001000, loss = 1.243728	
Epoch 1.01 / 500, i = 103 / 6470500, lr= 0.001000, loss = 1.247836	
Epoch 1.01 / 500, i = 104 / 6470500, lr= 0.001000, loss = 1.061403	
Epoch 1.01 / 500, i = 105 / 6470500, lr= 0.001000, loss = 1.255396	
Epoch 1.01 / 500, i = 106 / 6470500, lr= 0.001000, loss = 1.269497	
Epoch 1.01 / 500, i = 107 / 6470500, lr= 0.001000, loss = 1.271813	
Epoch 1.01 / 500, i = 108 / 6470500, lr= 0.001000, loss = 1.072950	
Epoch 1.01 / 500, i = 109 / 6470500, lr= 0.001000, loss = 1.084087	
Epoch 1.01 / 500, i = 110 / 6470500, lr= 0.001000, loss = 1.086046	
Epoch 1.01 / 500, i = 111 / 6470500, lr= 0.001000, loss = 1.170479	
Epoch 1.01 / 500, i = 112 / 6470500, lr= 0.001000, loss = 1.124994	
Epoch 1.01 / 500, i = 113 / 6470500, lr= 0.001000, loss = 1.108731	
Epoch 1.01 / 500, i = 114 / 6470500, lr= 0.001000, loss = 1.218872	
Epoch 1.01 / 500, i = 115 / 6470500, lr= 0.001000, loss = 1.108322	
Epoch 1.01 / 500, i = 116 / 6470500, lr= 0.001000, loss = 1.221542	
Epoch 1.01 / 500, i = 117 / 6470500, lr= 0.001000, loss = 1.135833	
Epoch 1.01 / 500, i = 118 / 6470500, lr= 0.001000, loss = 1.091910	
Epoch 1.01 / 500, i = 119 / 6470500, lr= 0.001000, loss = 1.075719	
Epoch 1.01 / 500, i = 120 / 6470500, lr= 0.001000, loss = 1.122566	
Epoch 1.01 / 500, i = 121 / 6470500, lr= 0.001000, loss = 1.110900	
Epoch 1.01 / 500, i = 122 / 6470500, lr= 0.001000, loss = 1.103120	
Epoch 1.01 / 500, i = 123 / 6470500, lr= 0.001000, loss = 1.081402	
Epoch 1.01 / 500, i = 124 / 6470500, lr= 0.001000, loss = 1.026174	
Epoch 1.01 / 500, i = 125 / 6470500, lr= 0.001000, loss = 1.223846	
Epoch 1.01 / 500, i = 126 / 6470500, lr= 0.001000, loss = 1.108428	
Epoch 1.01 / 500, i = 127 / 6470500, lr= 0.001000, loss = 1.098978	
Epoch 1.01 / 500, i = 128 / 6470500, lr= 0.001000, loss = 1.127522	
Epoch 1.01 / 500, i = 129 / 6470500, lr= 0.001000, loss = 1.035136	
Epoch 1.01 / 500, i = 130 / 6470500, lr= 0.001000, loss = 1.012666	
Epoch 1.01 / 500, i = 131 / 6470500, lr= 0.001000, loss = 1.168011	
Epoch 1.01 / 500, i = 132 / 6470500, lr= 0.001000, loss = 1.046386	
Epoch 1.01 / 500, i = 133 / 6470500, lr= 0.001000, loss = 1.097137	
Epoch 1.01 / 500, i = 134 / 6470500, lr= 0.001000, loss = 1.196746	
Epoch 1.01 / 500, i = 135 / 6470500, lr= 0.001000, loss = 1.009246	
Epoch 1.01 / 500, i = 136 / 6470500, lr= 0.001000, loss = 1.106042	
Epoch 1.01 / 500, i = 137 / 6470500, lr= 0.001000, loss = 1.118190	
Epoch 1.01 / 500, i = 138 / 6470500, lr= 0.001000, loss = 1.128417	
Epoch 1.01 / 500, i = 139 / 6470500, lr= 0.001000, loss = 1.075314	
Epoch 1.01 / 500, i = 140 / 6470500, lr= 0.001000, loss = 1.064736	
Epoch 1.01 / 500, i = 141 / 6470500, lr= 0.001000, loss = 1.135937	
Epoch 1.01 / 500, i = 142 / 6470500, lr= 0.001000, loss = 1.111799	
Epoch 1.01 / 500, i = 143 / 6470500, lr= 0.001000, loss = 1.040677	
Epoch 1.01 / 500, i = 144 / 6470500, lr= 0.001000, loss = 1.178417	
Epoch 1.01 / 500, i = 145 / 6470500, lr= 0.001000, loss = 1.150348	
Epoch 1.01 / 500, i = 146 / 6470500, lr= 0.001000, loss = 1.107257	
Epoch 1.01 / 500, i = 147 / 6470500, lr= 0.001000, loss = 1.138232	
Epoch 1.01 / 500, i = 148 / 6470500, lr= 0.001000, loss = 1.153012	
Epoch 1.01 / 500, i = 149 / 6470500, lr= 0.001000, loss = 1.139852	
Epoch 1.01 / 500, i = 150 / 6470500, lr= 0.001000, loss = 1.090493	
Epoch 1.01 / 500, i = 151 / 6470500, lr= 0.001000, loss = 1.086651	
Epoch 1.01 / 500, i = 152 / 6470500, lr= 0.001000, loss = 1.055959	
Epoch 1.01 / 500, i = 153 / 6470500, lr= 0.001000, loss = 1.167801	
Epoch 1.01 / 500, i = 154 / 6470500, lr= 0.001000, loss = 1.098381	
Epoch 1.01 / 500, i = 155 / 6470500, lr= 0.001000, loss = 1.026838	
Epoch 1.01 / 500, i = 156 / 6470500, lr= 0.001000, loss = 1.069281	
Epoch 1.01 / 500, i = 157 / 6470500, lr= 0.001000, loss = 1.074130	
Epoch 1.01 / 500, i = 158 / 6470500, lr= 0.001000, loss = 1.102343	
Epoch 1.01 / 500, i = 159 / 6470500, lr= 0.001000, loss = 1.076007	
Epoch 1.01 / 500, i = 160 / 6470500, lr= 0.001000, loss = 1.152064	
Epoch 1.01 / 500, i = 161 / 6470500, lr= 0.001000, loss = 1.096524	
Epoch 1.01 / 500, i = 162 / 6470500, lr= 0.001000, loss = 1.079033	
Epoch 1.01 / 500, i = 163 / 6470500, lr= 0.001000, loss = 0.997983	
Epoch 1.01 / 500, i = 164 / 6470500, lr= 0.001000, loss = 1.053285	
Epoch 1.01 / 500, i = 165 / 6470500, lr= 0.001000, loss = 1.120650	
Epoch 1.01 / 500, i = 166 / 6470500, lr= 0.001000, loss = 1.044593	
Epoch 1.01 / 500, i = 167 / 6470500, lr= 0.001000, loss = 1.217613	
Epoch 1.01 / 500, i = 168 / 6470500, lr= 0.001000, loss = 1.136177	
Epoch 1.01 / 500, i = 169 / 6470500, lr= 0.001000, loss = 1.085717	
Epoch 1.01 / 500, i = 170 / 6470500, lr= 0.001000, loss = 1.036951	
Epoch 1.01 / 500, i = 171 / 6470500, lr= 0.001000, loss = 1.031906	
Epoch 1.01 / 500, i = 172 / 6470500, lr= 0.001000, loss = 1.007899	
Epoch 1.01 / 500, i = 173 / 6470500, lr= 0.001000, loss = 1.141251	
Epoch 1.01 / 500, i = 174 / 6470500, lr= 0.001000, loss = 1.134902	
Epoch 1.01 / 500, i = 175 / 6470500, lr= 0.001000, loss = 1.028699	
Epoch 1.01 / 500, i = 176 / 6470500, lr= 0.001000, loss = 1.094582	
Epoch 1.01 / 500, i = 177 / 6470500, lr= 0.001000, loss = 1.062527	
Epoch 1.01 / 500, i = 178 / 6470500, lr= 0.001000, loss = 1.143791	
Epoch 1.01 / 500, i = 179 / 6470500, lr= 0.001000, loss = 1.076262	
Epoch 1.01 / 500, i = 180 / 6470500, lr= 0.001000, loss = 1.236816	
Epoch 1.01 / 500, i = 181 / 6470500, lr= 0.001000, loss = 1.058647	
Epoch 1.01 / 500, i = 182 / 6470500, lr= 0.001000, loss = 1.166301	
Epoch 1.01 / 500, i = 183 / 6470500, lr= 0.001000, loss = 1.060005	
Epoch 1.01 / 500, i = 184 / 6470500, lr= 0.001000, loss = 1.066514	
Epoch 1.01 / 500, i = 185 / 6470500, lr= 0.001000, loss = 1.046075	
Epoch 1.01 / 500, i = 186 / 6470500, lr= 0.001000, loss = 1.214618	
Epoch 1.01 / 500, i = 187 / 6470500, lr= 0.001000, loss = 1.071934	
Epoch 1.01 / 500, i = 188 / 6470500, lr= 0.001000, loss = 1.025154	
Epoch 1.01 / 500, i = 189 / 6470500, lr= 0.001000, loss = 1.075478	
Epoch 1.01 / 500, i = 190 / 6470500, lr= 0.001000, loss = 1.108918	
Epoch 1.01 / 500, i = 191 / 6470500, lr= 0.001000, loss = 1.076367	
Epoch 1.01 / 500, i = 192 / 6470500, lr= 0.001000, loss = 1.172339	
Epoch 1.01 / 500, i = 193 / 6470500, lr= 0.001000, loss = 1.089624	
Epoch 1.01 / 500, i = 194 / 6470500, lr= 0.001000, loss = 1.069061	
Epoch 1.02 / 500, i = 195 / 6470500, lr= 0.001000, loss = 1.092682	
Epoch 1.02 / 500, i = 196 / 6470500, lr= 0.001000, loss = 1.056931	
Epoch 1.02 / 500, i = 197 / 6470500, lr= 0.001000, loss = 1.073867	
Epoch 1.02 / 500, i = 198 / 6470500, lr= 0.001000, loss = 1.001428	
Epoch 1.02 / 500, i = 199 / 6470500, lr= 0.001000, loss = 1.078498	
Epoch 1.02 / 500, i = 200 / 6470500, lr= 0.001000, loss = 1.124334	
Epoch 1.02 / 500, i = 201 / 6470500, lr= 0.001000, loss = 1.082314	
Epoch 1.02 / 500, i = 202 / 6470500, lr= 0.001000, loss = 1.139580	
Epoch 1.02 / 500, i = 203 / 6470500, lr= 0.001000, loss = 1.024660	
Epoch 1.02 / 500, i = 204 / 6470500, lr= 0.001000, loss = 0.970827	
Epoch 1.02 / 500, i = 205 / 6470500, lr= 0.001000, loss = 1.089157	
Epoch 1.02 / 500, i = 206 / 6470500, lr= 0.001000, loss = 1.045921	
Epoch 1.02 / 500, i = 207 / 6470500, lr= 0.001000, loss = 1.065002	
Epoch 1.02 / 500, i = 208 / 6470500, lr= 0.001000, loss = 1.128874	
Epoch 1.02 / 500, i = 209 / 6470500, lr= 0.001000, loss = 1.166413	
Epoch 1.02 / 500, i = 210 / 6470500, lr= 0.001000, loss = 0.998405	
Epoch 1.02 / 500, i = 211 / 6470500, lr= 0.001000, loss = 1.156591	
Epoch 1.02 / 500, i = 212 / 6470500, lr= 0.001000, loss = 1.048974	
Epoch 1.02 / 500, i = 213 / 6470500, lr= 0.001000, loss = 1.110753	
Epoch 1.02 / 500, i = 214 / 6470500, lr= 0.001000, loss = 0.971447	
Epoch 1.02 / 500, i = 215 / 6470500, lr= 0.001000, loss = 1.019674	
Epoch 1.02 / 500, i = 216 / 6470500, lr= 0.001000, loss = 1.035105	
Epoch 1.02 / 500, i = 217 / 6470500, lr= 0.001000, loss = 0.974585	
Epoch 1.02 / 500, i = 218 / 6470500, lr= 0.001000, loss = 1.190334	
Epoch 1.02 / 500, i = 219 / 6470500, lr= 0.001000, loss = 1.085230	
Epoch 1.02 / 500, i = 220 / 6470500, lr= 0.001000, loss = 1.092639	
Epoch 1.02 / 500, i = 221 / 6470500, lr= 0.001000, loss = 1.117242	
Epoch 1.02 / 500, i = 222 / 6470500, lr= 0.001000, loss = 1.039694	
Epoch 1.02 / 500, i = 223 / 6470500, lr= 0.001000, loss = 1.033977	
Epoch 1.02 / 500, i = 224 / 6470500, lr= 0.001000, loss = 1.072747	
Epoch 1.02 / 500, i = 225 / 6470500, lr= 0.001000, loss = 1.044986	
Epoch 1.02 / 500, i = 226 / 6470500, lr= 0.001000, loss = 1.194173	
Epoch 1.02 / 500, i = 227 / 6470500, lr= 0.001000, loss = 1.149171	
Epoch 1.02 / 500, i = 228 / 6470500, lr= 0.001000, loss = 1.049569	
Epoch 1.02 / 500, i = 229 / 6470500, lr= 0.001000, loss = 1.226111	
Epoch 1.02 / 500, i = 230 / 6470500, lr= 0.001000, loss = 1.004268	
Epoch 1.02 / 500, i = 231 / 6470500, lr= 0.001000, loss = 1.084155	
Epoch 1.02 / 500, i = 232 / 6470500, lr= 0.001000, loss = 1.021122	
Epoch 1.02 / 500, i = 233 / 6470500, lr= 0.001000, loss = 1.058747	
Epoch 1.02 / 500, i = 234 / 6470500, lr= 0.001000, loss = 1.132152	
Epoch 1.02 / 500, i = 235 / 6470500, lr= 0.001000, loss = 1.039249	
Epoch 1.02 / 500, i = 236 / 6470500, lr= 0.001000, loss = 0.997759	
Epoch 1.02 / 500, i = 237 / 6470500, lr= 0.001000, loss = 1.043726	
Epoch 1.02 / 500, i = 238 / 6470500, lr= 0.001000, loss = 1.025152	
Epoch 1.02 / 500, i = 239 / 6470500, lr= 0.001000, loss = 1.059346	
Epoch 1.02 / 500, i = 240 / 6470500, lr= 0.001000, loss = 1.070418	
Epoch 1.02 / 500, i = 241 / 6470500, lr= 0.001000, loss = 1.136029	
Epoch 1.02 / 500, i = 242 / 6470500, lr= 0.001000, loss = 1.016991	
Epoch 1.02 / 500, i = 243 / 6470500, lr= 0.001000, loss = 0.961455	
Epoch 1.02 / 500, i = 244 / 6470500, lr= 0.001000, loss = 1.055153	
Epoch 1.02 / 500, i = 245 / 6470500, lr= 0.001000, loss = 1.053217	
Epoch 1.02 / 500, i = 246 / 6470500, lr= 0.001000, loss = 1.025993	
Epoch 1.02 / 500, i = 247 / 6470500, lr= 0.001000, loss = 1.026849	
Epoch 1.02 / 500, i = 248 / 6470500, lr= 0.001000, loss = 1.013995	
Epoch 1.02 / 500, i = 249 / 6470500, lr= 0.001000, loss = 1.196061	
Epoch 1.02 / 500, i = 250 / 6470500, lr= 0.001000, loss = 1.100097	
THCudaCheck FAIL file=/home/ubuntu/torch/extra/cutorch/lib/THC/generic/THCStorage.cu line=40 error=2 : out of memory
/home/ubuntu/torch/install/bin/luajit: /home/ubuntu/torch/install/share/lua/5.1/nn/Module.lua:271: cuda runtime error (2) : out of memory at /home/ubuntu/torch/extra/cutorch/lib/THC/generic/THCStorage.cu:40
stack traceback:
	[C]: in function 'Tensor'
	/home/ubuntu/torch/install/share/lua/5.1/nn/Module.lua:271: in function 'flatten'
	/home/ubuntu/torch/install/share/lua/5.1/nn/Module.lua:288: in function 'getParameters'
	train.lua:236: in main chunk
	[C]: in function 'dofile'
	...untu/torch/install/lib/luarocks/rocks/trepl/scm-1/bin/th:145: in main chunk
	[C]: at 0x00406670
