Running with CUDA on GPU 2	
Epoch 1.00 / 500, i = 1 / 6470500, lr= 0.001000, loss = 7.389266	
Epoch 1.00 / 500, i = 2 / 6470500, lr= 0.001000, loss = 1.956285	
Epoch 1.00 / 500, i = 3 / 6470500, lr= 0.001000, loss = 1.652820	
Epoch 1.00 / 500, i = 4 / 6470500, lr= 0.001000, loss = 1.751176	
Epoch 1.00 / 500, i = 5 / 6470500, lr= 0.001000, loss = 1.602586	
Epoch 1.00 / 500, i = 6 / 6470500, lr= 0.001000, loss = 1.630738	
Epoch 1.00 / 500, i = 7 / 6470500, lr= 0.001000, loss = 1.676560	
Epoch 1.00 / 500, i = 8 / 6470500, lr= 0.001000, loss = 1.565664	
Epoch 1.00 / 500, i = 9 / 6470500, lr= 0.001000, loss = 1.354688	
Epoch 1.00 / 500, i = 10 / 6470500, lr= 0.001000, loss = 1.428628	
Epoch 1.00 / 500, i = 11 / 6470500, lr= 0.001000, loss = 1.386853	
Epoch 1.00 / 500, i = 12 / 6470500, lr= 0.001000, loss = 1.426845	
Epoch 1.00 / 500, i = 13 / 6470500, lr= 0.001000, loss = 1.401370	
Epoch 1.00 / 500, i = 14 / 6470500, lr= 0.001000, loss = 1.312301	
Epoch 1.00 / 500, i = 15 / 6470500, lr= 0.001000, loss = 1.221307	
Epoch 1.00 / 500, i = 16 / 6470500, lr= 0.001000, loss = 1.269280	
Epoch 1.00 / 500, i = 17 / 6470500, lr= 0.001000, loss = 1.282371	
Epoch 1.00 / 500, i = 18 / 6470500, lr= 0.001000, loss = 1.316382	
Epoch 1.00 / 500, i = 19 / 6470500, lr= 0.001000, loss = 1.312517	
Epoch 1.00 / 500, i = 20 / 6470500, lr= 0.001000, loss = 1.316236	
Epoch 1.00 / 500, i = 21 / 6470500, lr= 0.001000, loss = 1.228800	
Epoch 1.00 / 500, i = 22 / 6470500, lr= 0.001000, loss = 1.247594	
Epoch 1.00 / 500, i = 23 / 6470500, lr= 0.001000, loss = 1.394055	
Epoch 1.00 / 500, i = 24 / 6470500, lr= 0.001000, loss = 1.238709	
Epoch 1.00 / 500, i = 25 / 6470500, lr= 0.001000, loss = 1.181692	
Epoch 1.00 / 500, i = 26 / 6470500, lr= 0.001000, loss = 1.155813	
Epoch 1.00 / 500, i = 27 / 6470500, lr= 0.001000, loss = 1.120067	
Epoch 1.00 / 500, i = 28 / 6470500, lr= 0.001000, loss = 1.250844	
Epoch 1.00 / 500, i = 29 / 6470500, lr= 0.001000, loss = 1.331460	
Epoch 1.00 / 500, i = 30 / 6470500, lr= 0.001000, loss = 1.241183	
Epoch 1.00 / 500, i = 31 / 6470500, lr= 0.001000, loss = 1.187267	
Epoch 1.00 / 500, i = 32 / 6470500, lr= 0.001000, loss = 1.197247	
Epoch 1.00 / 500, i = 33 / 6470500, lr= 0.001000, loss = 1.203943	
Epoch 1.00 / 500, i = 34 / 6470500, lr= 0.001000, loss = 1.183660	
Epoch 1.00 / 500, i = 35 / 6470500, lr= 0.001000, loss = 1.183905	
Epoch 1.00 / 500, i = 36 / 6470500, lr= 0.001000, loss = 1.110217	
Epoch 1.00 / 500, i = 37 / 6470500, lr= 0.001000, loss = 1.207739	
Epoch 1.00 / 500, i = 38 / 6470500, lr= 0.001000, loss = 1.082196	
Epoch 1.00 / 500, i = 39 / 6470500, lr= 0.001000, loss = 1.282449	
Epoch 1.00 / 500, i = 40 / 6470500, lr= 0.001000, loss = 1.194648	
Epoch 1.00 / 500, i = 41 / 6470500, lr= 0.001000, loss = 1.224712	
Epoch 1.00 / 500, i = 42 / 6470500, lr= 0.001000, loss = 1.149338	
Epoch 1.00 / 500, i = 43 / 6470500, lr= 0.001000, loss = 1.191236	
Epoch 1.00 / 500, i = 44 / 6470500, lr= 0.001000, loss = 1.167021	
Epoch 1.00 / 500, i = 45 / 6470500, lr= 0.001000, loss = 1.146543	
Epoch 1.00 / 500, i = 46 / 6470500, lr= 0.001000, loss = 1.185514	
Epoch 1.00 / 500, i = 47 / 6470500, lr= 0.001000, loss = 1.164835	
Epoch 1.00 / 500, i = 48 / 6470500, lr= 0.001000, loss = 1.115859	
Epoch 1.00 / 500, i = 49 / 6470500, lr= 0.001000, loss = 1.172284	
Epoch 1.00 / 500, i = 50 / 6470500, lr= 0.001000, loss = 1.135544	
Epoch 1.00 / 500, i = 51 / 6470500, lr= 0.001000, loss = 1.072606	
Epoch 1.00 / 500, i = 52 / 6470500, lr= 0.001000, loss = 1.131974	
Epoch 1.00 / 500, i = 53 / 6470500, lr= 0.001000, loss = 1.161529	
Epoch 1.00 / 500, i = 54 / 6470500, lr= 0.001000, loss = 1.041317	
Epoch 1.00 / 500, i = 55 / 6470500, lr= 0.001000, loss = 1.082358	
Epoch 1.00 / 500, i = 56 / 6470500, lr= 0.001000, loss = 1.236909	
Epoch 1.00 / 500, i = 57 / 6470500, lr= 0.001000, loss = 1.008199	
Epoch 1.00 / 500, i = 58 / 6470500, lr= 0.001000, loss = 1.195024	
Epoch 1.00 / 500, i = 59 / 6470500, lr= 0.001000, loss = 1.063064	
Epoch 1.00 / 500, i = 60 / 6470500, lr= 0.001000, loss = 1.181030	
Epoch 1.00 / 500, i = 61 / 6470500, lr= 0.001000, loss = 1.060942	
Epoch 1.00 / 500, i = 62 / 6470500, lr= 0.001000, loss = 1.199940	
Epoch 1.00 / 500, i = 63 / 6470500, lr= 0.001000, loss = 1.095250	
Epoch 1.00 / 500, i = 64 / 6470500, lr= 0.001000, loss = 1.106452	
Epoch 1.01 / 500, i = 65 / 6470500, lr= 0.001000, loss = 1.044421	
Epoch 1.01 / 500, i = 66 / 6470500, lr= 0.001000, loss = 1.043740	
Epoch 1.01 / 500, i = 67 / 6470500, lr= 0.001000, loss = 1.143735	
Epoch 1.01 / 500, i = 68 / 6470500, lr= 0.001000, loss = 1.088612	
Epoch 1.01 / 500, i = 69 / 6470500, lr= 0.001000, loss = 0.977156	
Epoch 1.01 / 500, i = 70 / 6470500, lr= 0.001000, loss = 1.066912	
Epoch 1.01 / 500, i = 71 / 6470500, lr= 0.001000, loss = 1.028556	
Epoch 1.01 / 500, i = 72 / 6470500, lr= 0.001000, loss = 1.098644	
Epoch 1.01 / 500, i = 73 / 6470500, lr= 0.001000, loss = 1.051974	
Epoch 1.01 / 500, i = 74 / 6470500, lr= 0.001000, loss = 1.152704	
Epoch 1.01 / 500, i = 75 / 6470500, lr= 0.001000, loss = 1.067536	
Epoch 1.01 / 500, i = 76 / 6470500, lr= 0.001000, loss = 1.159867	
Epoch 1.01 / 500, i = 77 / 6470500, lr= 0.001000, loss = 1.014751	
Epoch 1.01 / 500, i = 78 / 6470500, lr= 0.001000, loss = 1.240602	
Epoch 1.01 / 500, i = 79 / 6470500, lr= 0.001000, loss = 1.277674	
Epoch 1.01 / 500, i = 80 / 6470500, lr= 0.001000, loss = 1.116672	
Epoch 1.01 / 500, i = 81 / 6470500, lr= 0.001000, loss = 1.048152	
Epoch 1.01 / 500, i = 82 / 6470500, lr= 0.001000, loss = 1.093123	
Epoch 1.01 / 500, i = 83 / 6470500, lr= 0.001000, loss = 1.007720	
Epoch 1.01 / 500, i = 84 / 6470500, lr= 0.001000, loss = 1.137798	
Epoch 1.01 / 500, i = 85 / 6470500, lr= 0.001000, loss = 1.076010	
Epoch 1.01 / 500, i = 86 / 6470500, lr= 0.001000, loss = 1.228012	
Epoch 1.01 / 500, i = 87 / 6470500, lr= 0.001000, loss = 1.178746	
Epoch 1.01 / 500, i = 88 / 6470500, lr= 0.001000, loss = 0.975973	
Epoch 1.01 / 500, i = 89 / 6470500, lr= 0.001000, loss = 1.198973	
Epoch 1.01 / 500, i = 90 / 6470500, lr= 0.001000, loss = 1.157810	
Epoch 1.01 / 500, i = 91 / 6470500, lr= 0.001000, loss = 1.089977	
Epoch 1.01 / 500, i = 92 / 6470500, lr= 0.001000, loss = 1.001341	
Epoch 1.01 / 500, i = 93 / 6470500, lr= 0.001000, loss = 1.110078	
Epoch 1.01 / 500, i = 94 / 6470500, lr= 0.001000, loss = 1.059136	
Epoch 1.01 / 500, i = 95 / 6470500, lr= 0.001000, loss = 1.061815	
Epoch 1.01 / 500, i = 96 / 6470500, lr= 0.001000, loss = 1.112998	
Epoch 1.01 / 500, i = 97 / 6470500, lr= 0.001000, loss = 1.236011	
Epoch 1.01 / 500, i = 98 / 6470500, lr= 0.001000, loss = 1.016114	
Epoch 1.01 / 500, i = 99 / 6470500, lr= 0.001000, loss = 1.107902	
Epoch 1.01 / 500, i = 100 / 6470500, lr= 0.001000, loss = 1.192802	
Epoch 1.01 / 500, i = 101 / 6470500, lr= 0.001000, loss = 1.167019	
Epoch 1.01 / 500, i = 102 / 6470500, lr= 0.001000, loss = 1.174307	
Epoch 1.01 / 500, i = 103 / 6470500, lr= 0.001000, loss = 1.156965	
Epoch 1.01 / 500, i = 104 / 6470500, lr= 0.001000, loss = 1.001702	
Epoch 1.01 / 500, i = 105 / 6470500, lr= 0.001000, loss = 1.174510	
Epoch 1.01 / 500, i = 106 / 6470500, lr= 0.001000, loss = 1.202671	
Epoch 1.01 / 500, i = 107 / 6470500, lr= 0.001000, loss = 1.193129	
Epoch 1.01 / 500, i = 108 / 6470500, lr= 0.001000, loss = 1.017916	
Epoch 1.01 / 500, i = 109 / 6470500, lr= 0.001000, loss = 1.031574	
Epoch 1.01 / 500, i = 110 / 6470500, lr= 0.001000, loss = 1.036201	
Epoch 1.01 / 500, i = 111 / 6470500, lr= 0.001000, loss = 1.116749	
Epoch 1.01 / 500, i = 112 / 6470500, lr= 0.001000, loss = 1.065051	
Epoch 1.01 / 500, i = 113 / 6470500, lr= 0.001000, loss = 1.065813	
Epoch 1.01 / 500, i = 114 / 6470500, lr= 0.001000, loss = 1.158926	
Epoch 1.01 / 500, i = 115 / 6470500, lr= 0.001000, loss = 1.049456	
Epoch 1.01 / 500, i = 116 / 6470500, lr= 0.001000, loss = 1.165517	
Epoch 1.01 / 500, i = 117 / 6470500, lr= 0.001000, loss = 1.089175	
Epoch 1.01 / 500, i = 118 / 6470500, lr= 0.001000, loss = 1.036981	
Epoch 1.01 / 500, i = 119 / 6470500, lr= 0.001000, loss = 1.010643	
Epoch 1.01 / 500, i = 120 / 6470500, lr= 0.001000, loss = 1.072528	
Epoch 1.01 / 500, i = 121 / 6470500, lr= 0.001000, loss = 1.069048	
Epoch 1.01 / 500, i = 122 / 6470500, lr= 0.001000, loss = 1.052575	
Epoch 1.01 / 500, i = 123 / 6470500, lr= 0.001000, loss = 1.003371	
Epoch 1.01 / 500, i = 124 / 6470500, lr= 0.001000, loss = 0.975608	
Epoch 1.01 / 500, i = 125 / 6470500, lr= 0.001000, loss = 1.175131	
Epoch 1.01 / 500, i = 126 / 6470500, lr= 0.001000, loss = 1.068691	
Epoch 1.01 / 500, i = 127 / 6470500, lr= 0.001000, loss = 1.046971	
Epoch 1.01 / 500, i = 128 / 6470500, lr= 0.001000, loss = 1.056387	
Epoch 1.01 / 500, i = 129 / 6470500, lr= 0.001000, loss = 0.965640	
Epoch 1.01 / 500, i = 130 / 6470500, lr= 0.001000, loss = 0.952138	
Epoch 1.01 / 500, i = 131 / 6470500, lr= 0.001000, loss = 1.124237	
Epoch 1.01 / 500, i = 132 / 6470500, lr= 0.001000, loss = 0.987747	
Epoch 1.01 / 500, i = 133 / 6470500, lr= 0.001000, loss = 1.054235	
Epoch 1.01 / 500, i = 134 / 6470500, lr= 0.001000, loss = 1.154440	
Epoch 1.01 / 500, i = 135 / 6470500, lr= 0.001000, loss = 0.959347	
Epoch 1.01 / 500, i = 136 / 6470500, lr= 0.001000, loss = 1.035077	
Epoch 1.01 / 500, i = 137 / 6470500, lr= 0.001000, loss = 1.093892	
Epoch 1.01 / 500, i = 138 / 6470500, lr= 0.001000, loss = 1.080015	
Epoch 1.01 / 500, i = 139 / 6470500, lr= 0.001000, loss = 1.000455	
Epoch 1.01 / 500, i = 140 / 6470500, lr= 0.001000, loss = 1.002980	
Epoch 1.01 / 500, i = 141 / 6470500, lr= 0.001000, loss = 1.081722	
Epoch 1.01 / 500, i = 142 / 6470500, lr= 0.001000, loss = 1.029784	
Epoch 1.01 / 500, i = 143 / 6470500, lr= 0.001000, loss = 0.995991	
Epoch 1.01 / 500, i = 144 / 6470500, lr= 0.001000, loss = 1.135162	
Epoch 1.01 / 500, i = 145 / 6470500, lr= 0.001000, loss = 1.109635	
Epoch 1.01 / 500, i = 146 / 6470500, lr= 0.001000, loss = 1.044123	
Epoch 1.01 / 500, i = 147 / 6470500, lr= 0.001000, loss = 1.100721	
Epoch 1.01 / 500, i = 148 / 6470500, lr= 0.001000, loss = 1.110259	
Epoch 1.01 / 500, i = 149 / 6470500, lr= 0.001000, loss = 1.074204	
Epoch 1.01 / 500, i = 150 / 6470500, lr= 0.001000, loss = 1.035339	
Epoch 1.01 / 500, i = 151 / 6470500, lr= 0.001000, loss = 1.018157	
Epoch 1.01 / 500, i = 152 / 6470500, lr= 0.001000, loss = 0.995991	
Epoch 1.01 / 500, i = 153 / 6470500, lr= 0.001000, loss = 1.126416	
Epoch 1.01 / 500, i = 154 / 6470500, lr= 0.001000, loss = 1.057287	
Epoch 1.01 / 500, i = 155 / 6470500, lr= 0.001000, loss = 0.972458	
Epoch 1.01 / 500, i = 156 / 6470500, lr= 0.001000, loss = 1.008082	
Epoch 1.01 / 500, i = 157 / 6470500, lr= 0.001000, loss = 1.022637	
Epoch 1.01 / 500, i = 158 / 6470500, lr= 0.001000, loss = 1.037878	
Epoch 1.01 / 500, i = 159 / 6470500, lr= 0.001000, loss = 1.043537	
Epoch 1.01 / 500, i = 160 / 6470500, lr= 0.001000, loss = 1.086804	
Epoch 1.01 / 500, i = 161 / 6470500, lr= 0.001000, loss = 1.034849	
Epoch 1.01 / 500, i = 162 / 6470500, lr= 0.001000, loss = 0.991944	
Epoch 1.01 / 500, i = 163 / 6470500, lr= 0.001000, loss = 0.949306	
Epoch 1.01 / 500, i = 164 / 6470500, lr= 0.001000, loss = 0.992660	
Epoch 1.01 / 500, i = 165 / 6470500, lr= 0.001000, loss = 1.053804	
Epoch 1.01 / 500, i = 166 / 6470500, lr= 0.001000, loss = 0.988419	
Epoch 1.01 / 500, i = 167 / 6470500, lr= 0.001000, loss = 1.159308	
Epoch 1.01 / 500, i = 168 / 6470500, lr= 0.001000, loss = 1.037019	
Epoch 1.01 / 500, i = 169 / 6470500, lr= 0.001000, loss = 1.040563	
Epoch 1.01 / 500, i = 170 / 6470500, lr= 0.001000, loss = 0.983916	
Epoch 1.01 / 500, i = 171 / 6470500, lr= 0.001000, loss = 0.958501	
Epoch 1.01 / 500, i = 172 / 6470500, lr= 0.001000, loss = 0.966486	
Epoch 1.01 / 500, i = 173 / 6470500, lr= 0.001000, loss = 1.067499	
Epoch 1.01 / 500, i = 174 / 6470500, lr= 0.001000, loss = 1.063503	
Epoch 1.01 / 500, i = 175 / 6470500, lr= 0.001000, loss = 0.958650	
Epoch 1.01 / 500, i = 176 / 6470500, lr= 0.001000, loss = 1.051863	
Epoch 1.01 / 500, i = 177 / 6470500, lr= 0.001000, loss = 1.010336	
Epoch 1.01 / 500, i = 178 / 6470500, lr= 0.001000, loss = 1.095012	
Epoch 1.01 / 500, i = 179 / 6470500, lr= 0.001000, loss = 1.015199	
Epoch 1.01 / 500, i = 180 / 6470500, lr= 0.001000, loss = 1.183429	
Epoch 1.01 / 500, i = 181 / 6470500, lr= 0.001000, loss = 1.008201	
Epoch 1.01 / 500, i = 182 / 6470500, lr= 0.001000, loss = 1.122816	
Epoch 1.01 / 500, i = 183 / 6470500, lr= 0.001000, loss = 0.995957	
Epoch 1.01 / 500, i = 184 / 6470500, lr= 0.001000, loss = 1.006662	
Epoch 1.01 / 500, i = 185 / 6470500, lr= 0.001000, loss = 1.003908	
Epoch 1.01 / 500, i = 186 / 6470500, lr= 0.001000, loss = 1.158308	
Epoch 1.01 / 500, i = 187 / 6470500, lr= 0.001000, loss = 1.018020	
Epoch 1.01 / 500, i = 188 / 6470500, lr= 0.001000, loss = 0.966134	
Epoch 1.01 / 500, i = 189 / 6470500, lr= 0.001000, loss = 1.023133	
Epoch 1.01 / 500, i = 190 / 6470500, lr= 0.001000, loss = 1.052697	
Epoch 1.01 / 500, i = 191 / 6470500, lr= 0.001000, loss = 1.031703	
Epoch 1.01 / 500, i = 192 / 6470500, lr= 0.001000, loss = 1.120150	
Epoch 1.01 / 500, i = 193 / 6470500, lr= 0.001000, loss = 1.006302	
Epoch 1.01 / 500, i = 194 / 6470500, lr= 0.001000, loss = 1.004160	
Epoch 1.02 / 500, i = 195 / 6470500, lr= 0.001000, loss = 1.031404	
Epoch 1.02 / 500, i = 196 / 6470500, lr= 0.001000, loss = 0.992526	
Epoch 1.02 / 500, i = 197 / 6470500, lr= 0.001000, loss = 1.031121	
Epoch 1.02 / 500, i = 198 / 6470500, lr= 0.001000, loss = 0.945881	
Epoch 1.02 / 500, i = 199 / 6470500, lr= 0.001000, loss = 1.023720	
Epoch 1.02 / 500, i = 200 / 6470500, lr= 0.001000, loss = 1.069395	
Epoch 1.02 / 500, i = 201 / 6470500, lr= 0.001000, loss = 1.031652	
Epoch 1.02 / 500, i = 202 / 6470500, lr= 0.001000, loss = 1.085134	
Epoch 1.02 / 500, i = 203 / 6470500, lr= 0.001000, loss = 0.970586	
Epoch 1.02 / 500, i = 204 / 6470500, lr= 0.001000, loss = 0.918190	
Epoch 1.02 / 500, i = 205 / 6470500, lr= 0.001000, loss = 1.027486	
Epoch 1.02 / 500, i = 206 / 6470500, lr= 0.001000, loss = 0.995785	
Epoch 1.02 / 500, i = 207 / 6470500, lr= 0.001000, loss = 1.012750	
Epoch 1.02 / 500, i = 208 / 6470500, lr= 0.001000, loss = 1.087897	
Epoch 1.02 / 500, i = 209 / 6470500, lr= 0.001000, loss = 1.127023	
Epoch 1.02 / 500, i = 210 / 6470500, lr= 0.001000, loss = 0.938581	
Epoch 1.02 / 500, i = 211 / 6470500, lr= 0.001000, loss = 1.101908	
Epoch 1.02 / 500, i = 212 / 6470500, lr= 0.001000, loss = 1.009186	
Epoch 1.02 / 500, i = 213 / 6470500, lr= 0.001000, loss = 1.056077	
Epoch 1.02 / 500, i = 214 / 6470500, lr= 0.001000, loss = 0.908482	
Epoch 1.02 / 500, i = 215 / 6470500, lr= 0.001000, loss = 0.965603	
Epoch 1.02 / 500, i = 216 / 6470500, lr= 0.001000, loss = 0.987396	
Epoch 1.02 / 500, i = 217 / 6470500, lr= 0.001000, loss = 0.899693	
Epoch 1.02 / 500, i = 218 / 6470500, lr= 0.001000, loss = 1.122084	
Epoch 1.02 / 500, i = 219 / 6470500, lr= 0.001000, loss = 1.031691	
Epoch 1.02 / 500, i = 220 / 6470500, lr= 0.001000, loss = 1.054542	
Epoch 1.02 / 500, i = 221 / 6470500, lr= 0.001000, loss = 1.069626	
Epoch 1.02 / 500, i = 222 / 6470500, lr= 0.001000, loss = 1.010519	
Epoch 1.02 / 500, i = 223 / 6470500, lr= 0.001000, loss = 0.975806	
Epoch 1.02 / 500, i = 224 / 6470500, lr= 0.001000, loss = 0.999088	
Epoch 1.02 / 500, i = 225 / 6470500, lr= 0.001000, loss = 0.987255	
Epoch 1.02 / 500, i = 226 / 6470500, lr= 0.001000, loss = 1.143142	
Epoch 1.02 / 500, i = 227 / 6470500, lr= 0.001000, loss = 1.100317	
Epoch 1.02 / 500, i = 228 / 6470500, lr= 0.001000, loss = 1.007111	
Epoch 1.02 / 500, i = 229 / 6470500, lr= 0.001000, loss = 1.151595	
Epoch 1.02 / 500, i = 230 / 6470500, lr= 0.001000, loss = 0.966246	
Epoch 1.02 / 500, i = 231 / 6470500, lr= 0.001000, loss = 1.021708	
Epoch 1.02 / 500, i = 232 / 6470500, lr= 0.001000, loss = 0.952416	
Epoch 1.02 / 500, i = 233 / 6470500, lr= 0.001000, loss = 1.012404	
Epoch 1.02 / 500, i = 234 / 6470500, lr= 0.001000, loss = 1.083774	
Epoch 1.02 / 500, i = 235 / 6470500, lr= 0.001000, loss = 0.966661	
Epoch 1.02 / 500, i = 236 / 6470500, lr= 0.001000, loss = 0.942452	
Epoch 1.02 / 500, i = 237 / 6470500, lr= 0.001000, loss = 0.991614	
Epoch 1.02 / 500, i = 238 / 6470500, lr= 0.001000, loss = 0.976118	
Epoch 1.02 / 500, i = 239 / 6470500, lr= 0.001000, loss = 1.034614	
Epoch 1.02 / 500, i = 240 / 6470500, lr= 0.001000, loss = 1.023779	
Epoch 1.02 / 500, i = 241 / 6470500, lr= 0.001000, loss = 1.080550	
Epoch 1.02 / 500, i = 242 / 6470500, lr= 0.001000, loss = 0.963908	
Epoch 1.02 / 500, i = 243 / 6470500, lr= 0.001000, loss = 0.907283	
Epoch 1.02 / 500, i = 244 / 6470500, lr= 0.001000, loss = 0.991137	
Epoch 1.02 / 500, i = 245 / 6470500, lr= 0.001000, loss = 1.006514	
Epoch 1.02 / 500, i = 246 / 6470500, lr= 0.001000, loss = 0.944005	
Epoch 1.02 / 500, i = 247 / 6470500, lr= 0.001000, loss = 0.957306	
Epoch 1.02 / 500, i = 248 / 6470500, lr= 0.001000, loss = 0.981456	
Epoch 1.02 / 500, i = 249 / 6470500, lr= 0.001000, loss = 1.152477	
Epoch 1.02 / 500, i = 250 / 6470500, lr= 0.001000, loss = 1.051848	
THCudaCheck FAIL file=/home/ubuntu/torch/extra/cutorch/lib/THC/generic/THCStorage.cu line=40 error=2 : out of memory
/home/ubuntu/torch/install/bin/luajit: /home/ubuntu/torch/install/share/lua/5.1/nn/Module.lua:271: cuda runtime error (2) : out of memory at /home/ubuntu/torch/extra/cutorch/lib/THC/generic/THCStorage.cu:40
stack traceback:
	[C]: in function 'Tensor'
	/home/ubuntu/torch/install/share/lua/5.1/nn/Module.lua:271: in function 'flatten'
	/home/ubuntu/torch/install/share/lua/5.1/nn/Module.lua:288: in function 'getParameters'
	train.lua:236: in main chunk
	[C]: in function 'dofile'
	...untu/torch/install/lib/luarocks/rocks/trepl/scm-1/bin/th:145: in main chunk
	[C]: at 0x00406670
