Running with CUDA on GPU 1	
Epoch 1.00 / 500, i = 1 / 12941000, lr= 0.001000, loss = 7.800427	
Epoch 1.00 / 500, i = 2 / 12941000, lr= 0.001000, loss = 2.300730	
Epoch 1.00 / 500, i = 3 / 12941000, lr= 0.001000, loss = 2.150153	
Epoch 1.00 / 500, i = 4 / 12941000, lr= 0.001000, loss = 1.981664	
Epoch 1.00 / 500, i = 5 / 12941000, lr= 0.001000, loss = 1.630229	
Epoch 1.00 / 500, i = 6 / 12941000, lr= 0.001000, loss = 1.630728	
Epoch 1.00 / 500, i = 7 / 12941000, lr= 0.001000, loss = 1.586294	
Epoch 1.00 / 500, i = 8 / 12941000, lr= 0.001000, loss = 1.614770	
Epoch 1.00 / 500, i = 9 / 12941000, lr= 0.001000, loss = 1.679524	
Epoch 1.00 / 500, i = 10 / 12941000, lr= 0.001000, loss = 1.373360	
Epoch 1.00 / 500, i = 11 / 12941000, lr= 0.001000, loss = 1.539399	
Epoch 1.00 / 500, i = 12 / 12941000, lr= 0.001000, loss = 1.506441	
Epoch 1.00 / 500, i = 13 / 12941000, lr= 0.001000, loss = 1.536462	
Epoch 1.00 / 500, i = 14 / 12941000, lr= 0.001000, loss = 1.489774	
Epoch 1.00 / 500, i = 15 / 12941000, lr= 0.001000, loss = 1.487970	
Epoch 1.00 / 500, i = 16 / 12941000, lr= 0.001000, loss = 1.346791	
Epoch 1.00 / 500, i = 17 / 12941000, lr= 0.001000, loss = 1.235126	
Epoch 1.00 / 500, i = 18 / 12941000, lr= 0.001000, loss = 1.206612	
Epoch 1.00 / 500, i = 19 / 12941000, lr= 0.001000, loss = 1.333474	
Epoch 1.00 / 500, i = 20 / 12941000, lr= 0.001000, loss = 1.301659	
Epoch 1.00 / 500, i = 21 / 12941000, lr= 0.001000, loss = 1.293861	
Epoch 1.00 / 500, i = 22 / 12941000, lr= 0.001000, loss = 1.272718	
Epoch 1.00 / 500, i = 23 / 12941000, lr= 0.001000, loss = 1.250904	
Epoch 1.00 / 500, i = 24 / 12941000, lr= 0.001000, loss = 1.426871	
Epoch 1.00 / 500, i = 25 / 12941000, lr= 0.001000, loss = 1.189044	
Epoch 1.00 / 500, i = 26 / 12941000, lr= 0.001000, loss = 1.403605	
Epoch 1.00 / 500, i = 27 / 12941000, lr= 0.001000, loss = 1.299934	
Epoch 1.00 / 500, i = 28 / 12941000, lr= 0.001000, loss = 1.209400	
Epoch 1.00 / 500, i = 29 / 12941000, lr= 0.001000, loss = 1.232346	
Epoch 1.00 / 500, i = 30 / 12941000, lr= 0.001000, loss = 1.070159	
Epoch 1.00 / 500, i = 31 / 12941000, lr= 0.001000, loss = 1.216448	
Epoch 1.00 / 500, i = 32 / 12941000, lr= 0.001000, loss = 1.201639	
Epoch 1.00 / 500, i = 33 / 12941000, lr= 0.001000, loss = 1.238572	
Epoch 1.00 / 500, i = 34 / 12941000, lr= 0.001000, loss = 1.249016	
Epoch 1.00 / 500, i = 35 / 12941000, lr= 0.001000, loss = 1.367107	
Epoch 1.00 / 500, i = 36 / 12941000, lr= 0.001000, loss = 1.203516	
Epoch 1.00 / 500, i = 37 / 12941000, lr= 0.001000, loss = 1.313038	
Epoch 1.00 / 500, i = 38 / 12941000, lr= 0.001000, loss = 1.245589	
Epoch 1.00 / 500, i = 39 / 12941000, lr= 0.001000, loss = 1.250137	
Epoch 1.00 / 500, i = 40 / 12941000, lr= 0.001000, loss = 1.323177	
Epoch 1.00 / 500, i = 41 / 12941000, lr= 0.001000, loss = 1.168229	
Epoch 1.00 / 500, i = 42 / 12941000, lr= 0.001000, loss = 1.250995	
Epoch 1.00 / 500, i = 43 / 12941000, lr= 0.001000, loss = 1.256866	
Epoch 1.00 / 500, i = 44 / 12941000, lr= 0.001000, loss = 1.206771	
Epoch 1.00 / 500, i = 45 / 12941000, lr= 0.001000, loss = 1.441469	
Epoch 1.00 / 500, i = 46 / 12941000, lr= 0.001000, loss = 1.322581	
Epoch 1.00 / 500, i = 47 / 12941000, lr= 0.001000, loss = 1.111498	
Epoch 1.00 / 500, i = 48 / 12941000, lr= 0.001000, loss = 1.345896	
Epoch 1.00 / 500, i = 49 / 12941000, lr= 0.001000, loss = 1.155095	
Epoch 1.00 / 500, i = 50 / 12941000, lr= 0.001000, loss = 1.219592	
Epoch 1.00 / 500, i = 51 / 12941000, lr= 0.001000, loss = 1.190672	
Epoch 1.00 / 500, i = 52 / 12941000, lr= 0.001000, loss = 1.111874	
Epoch 1.00 / 500, i = 53 / 12941000, lr= 0.001000, loss = 1.125687	
Epoch 1.00 / 500, i = 54 / 12941000, lr= 0.001000, loss = 1.128531	
Epoch 1.00 / 500, i = 55 / 12941000, lr= 0.001000, loss = 1.204933	
Epoch 1.00 / 500, i = 56 / 12941000, lr= 0.001000, loss = 1.304043	
Epoch 1.00 / 500, i = 57 / 12941000, lr= 0.001000, loss = 1.278250	
Epoch 1.00 / 500, i = 58 / 12941000, lr= 0.001000, loss = 1.404329	
Epoch 1.00 / 500, i = 59 / 12941000, lr= 0.001000, loss = 1.038923	
Epoch 1.00 / 500, i = 60 / 12941000, lr= 0.001000, loss = 1.460874	
Epoch 1.00 / 500, i = 61 / 12941000, lr= 0.001000, loss = 1.114585	
Epoch 1.00 / 500, i = 62 / 12941000, lr= 0.001000, loss = 1.294286	
Epoch 1.00 / 500, i = 63 / 12941000, lr= 0.001000, loss = 1.229213	
Epoch 1.00 / 500, i = 64 / 12941000, lr= 0.001000, loss = 1.183165	
Epoch 1.00 / 500, i = 65 / 12941000, lr= 0.001000, loss = 1.292754	
Epoch 1.00 / 500, i = 66 / 12941000, lr= 0.001000, loss = 1.150444	
Epoch 1.00 / 500, i = 67 / 12941000, lr= 0.001000, loss = 1.221990	
Epoch 1.00 / 500, i = 68 / 12941000, lr= 0.001000, loss = 1.160201	
Epoch 1.00 / 500, i = 69 / 12941000, lr= 0.001000, loss = 1.136709	
Epoch 1.00 / 500, i = 70 / 12941000, lr= 0.001000, loss = 1.207566	
Epoch 1.00 / 500, i = 71 / 12941000, lr= 0.001000, loss = 1.108771	
Epoch 1.00 / 500, i = 72 / 12941000, lr= 0.001000, loss = 1.131267	
Epoch 1.00 / 500, i = 73 / 12941000, lr= 0.001000, loss = 1.205355	
Epoch 1.00 / 500, i = 74 / 12941000, lr= 0.001000, loss = 1.270071	
Epoch 1.00 / 500, i = 75 / 12941000, lr= 0.001000, loss = 1.077601	
Epoch 1.00 / 500, i = 76 / 12941000, lr= 0.001000, loss = 1.094997	
Epoch 1.00 / 500, i = 77 / 12941000, lr= 0.001000, loss = 1.398717	
Epoch 1.00 / 500, i = 78 / 12941000, lr= 0.001000, loss = 1.209713	
Epoch 1.00 / 500, i = 79 / 12941000, lr= 0.001000, loss = 1.188514	
Epoch 1.00 / 500, i = 80 / 12941000, lr= 0.001000, loss = 1.220796	
Epoch 1.00 / 500, i = 81 / 12941000, lr= 0.001000, loss = 1.267356	
Epoch 1.00 / 500, i = 82 / 12941000, lr= 0.001000, loss = 1.215063	
Epoch 1.00 / 500, i = 83 / 12941000, lr= 0.001000, loss = 1.223105	
Epoch 1.00 / 500, i = 84 / 12941000, lr= 0.001000, loss = 1.088428	
Epoch 1.00 / 500, i = 85 / 12941000, lr= 0.001000, loss = 1.181118	
Epoch 1.00 / 500, i = 86 / 12941000, lr= 0.001000, loss = 1.248189	
Epoch 1.00 / 500, i = 87 / 12941000, lr= 0.001000, loss = 1.231790	
Epoch 1.00 / 500, i = 88 / 12941000, lr= 0.001000, loss = 1.129535	
Epoch 1.00 / 500, i = 89 / 12941000, lr= 0.001000, loss = 1.171587	
Epoch 1.00 / 500, i = 90 / 12941000, lr= 0.001000, loss = 1.155705	
Epoch 1.00 / 500, i = 91 / 12941000, lr= 0.001000, loss = 1.242493	
Epoch 1.00 / 500, i = 92 / 12941000, lr= 0.001000, loss = 1.161195	
Epoch 1.00 / 500, i = 93 / 12941000, lr= 0.001000, loss = 1.198432	
Epoch 1.00 / 500, i = 94 / 12941000, lr= 0.001000, loss = 1.184159	
Epoch 1.00 / 500, i = 95 / 12941000, lr= 0.001000, loss = 1.126311	
Epoch 1.00 / 500, i = 96 / 12941000, lr= 0.001000, loss = 1.157855	
Epoch 1.00 / 500, i = 97 / 12941000, lr= 0.001000, loss = 1.166630	
Epoch 1.00 / 500, i = 98 / 12941000, lr= 0.001000, loss = 1.245008	
Epoch 1.00 / 500, i = 99 / 12941000, lr= 0.001000, loss = 1.094747	
Epoch 1.00 / 500, i = 100 / 12941000, lr= 0.001000, loss = 1.213914	
Epoch 1.00 / 500, i = 101 / 12941000, lr= 0.001000, loss = 1.085642	
Epoch 1.00 / 500, i = 102 / 12941000, lr= 0.001000, loss = 1.100893	
Epoch 1.00 / 500, i = 103 / 12941000, lr= 0.001000, loss = 1.199902	
Epoch 1.00 / 500, i = 104 / 12941000, lr= 0.001000, loss = 1.157179	
Epoch 1.00 / 500, i = 105 / 12941000, lr= 0.001000, loss = 1.176103	
Epoch 1.00 / 500, i = 106 / 12941000, lr= 0.001000, loss = 1.163979	
Epoch 1.00 / 500, i = 107 / 12941000, lr= 0.001000, loss = 1.069047	
Epoch 1.00 / 500, i = 108 / 12941000, lr= 0.001000, loss = 1.061034	
Epoch 1.00 / 500, i = 109 / 12941000, lr= 0.001000, loss = 1.099159	
Epoch 1.00 / 500, i = 110 / 12941000, lr= 0.001000, loss = 1.106312	
Epoch 1.00 / 500, i = 111 / 12941000, lr= 0.001000, loss = 1.262728	
Epoch 1.00 / 500, i = 112 / 12941000, lr= 0.001000, loss = 1.264366	
Epoch 1.00 / 500, i = 113 / 12941000, lr= 0.001000, loss = 1.011380	
Epoch 1.00 / 500, i = 114 / 12941000, lr= 0.001000, loss = 1.046560	
Epoch 1.00 / 500, i = 115 / 12941000, lr= 0.001000, loss = 1.296847	
Epoch 1.00 / 500, i = 116 / 12941000, lr= 0.001000, loss = 1.136792	
Epoch 1.00 / 500, i = 117 / 12941000, lr= 0.001000, loss = 0.989084	
Epoch 1.00 / 500, i = 118 / 12941000, lr= 0.001000, loss = 1.192712	
Epoch 1.00 / 500, i = 119 / 12941000, lr= 0.001000, loss = 1.125518	
Epoch 1.00 / 500, i = 120 / 12941000, lr= 0.001000, loss = 1.253053	
Epoch 1.00 / 500, i = 121 / 12941000, lr= 0.001000, loss = 1.064150	
Epoch 1.00 / 500, i = 122 / 12941000, lr= 0.001000, loss = 1.130898	
Epoch 1.00 / 500, i = 123 / 12941000, lr= 0.001000, loss = 1.250255	
Epoch 1.00 / 500, i = 124 / 12941000, lr= 0.001000, loss = 1.175392	
Epoch 1.00 / 500, i = 125 / 12941000, lr= 0.001000, loss = 1.127050	
Epoch 1.00 / 500, i = 126 / 12941000, lr= 0.001000, loss = 1.071392	
Epoch 1.00 / 500, i = 127 / 12941000, lr= 0.001000, loss = 1.238409	
Epoch 1.00 / 500, i = 128 / 12941000, lr= 0.001000, loss = 1.032731	
Epoch 1.00 / 500, i = 129 / 12941000, lr= 0.001000, loss = 0.993911	
Epoch 1.01 / 500, i = 130 / 12941000, lr= 0.001000, loss = 1.143324	
Epoch 1.01 / 500, i = 131 / 12941000, lr= 0.001000, loss = 1.045481	
Epoch 1.01 / 500, i = 132 / 12941000, lr= 0.001000, loss = 1.118703	
Epoch 1.01 / 500, i = 133 / 12941000, lr= 0.001000, loss = 1.190208	
Epoch 1.01 / 500, i = 134 / 12941000, lr= 0.001000, loss = 1.135597	
Epoch 1.01 / 500, i = 135 / 12941000, lr= 0.001000, loss = 1.110696	
Epoch 1.01 / 500, i = 136 / 12941000, lr= 0.001000, loss = 1.096807	
Epoch 1.01 / 500, i = 137 / 12941000, lr= 0.001000, loss = 1.035097	
Epoch 1.01 / 500, i = 138 / 12941000, lr= 0.001000, loss = 1.005321	
Epoch 1.01 / 500, i = 139 / 12941000, lr= 0.001000, loss = 1.073662	
Epoch 1.01 / 500, i = 140 / 12941000, lr= 0.001000, loss = 1.127067	
Epoch 1.01 / 500, i = 141 / 12941000, lr= 0.001000, loss = 1.033104	
Epoch 1.01 / 500, i = 142 / 12941000, lr= 0.001000, loss = 1.074864	
Epoch 1.01 / 500, i = 143 / 12941000, lr= 0.001000, loss = 1.201762	
Epoch 1.01 / 500, i = 144 / 12941000, lr= 0.001000, loss = 1.062715	
Epoch 1.01 / 500, i = 145 / 12941000, lr= 0.001000, loss = 1.123350	
Epoch 1.01 / 500, i = 146 / 12941000, lr= 0.001000, loss = 1.014261	
Epoch 1.01 / 500, i = 147 / 12941000, lr= 0.001000, loss = 1.214967	
Epoch 1.01 / 500, i = 148 / 12941000, lr= 0.001000, loss = 1.145865	
Epoch 1.01 / 500, i = 149 / 12941000, lr= 0.001000, loss = 1.152957	
Epoch 1.01 / 500, i = 150 / 12941000, lr= 0.001000, loss = 1.064160	
Epoch 1.01 / 500, i = 151 / 12941000, lr= 0.001000, loss = 1.377456	
Epoch 1.01 / 500, i = 152 / 12941000, lr= 0.001000, loss = 1.015969	
Epoch 1.01 / 500, i = 153 / 12941000, lr= 0.001000, loss = 1.009798	
Epoch 1.01 / 500, i = 154 / 12941000, lr= 0.001000, loss = 1.099415	
Epoch 1.01 / 500, i = 155 / 12941000, lr= 0.001000, loss = 1.051432	
Epoch 1.01 / 500, i = 156 / 12941000, lr= 0.001000, loss = 1.485246	
Epoch 1.01 / 500, i = 157 / 12941000, lr= 0.001000, loss = 1.340563	
Epoch 1.01 / 500, i = 158 / 12941000, lr= 0.001000, loss = 1.280309	
Epoch 1.01 / 500, i = 159 / 12941000, lr= 0.001000, loss = 1.154646	
Epoch 1.01 / 500, i = 160 / 12941000, lr= 0.001000, loss = 1.162278	
Epoch 1.01 / 500, i = 161 / 12941000, lr= 0.001000, loss = 1.102589	
Epoch 1.01 / 500, i = 162 / 12941000, lr= 0.001000, loss = 1.068573	
Epoch 1.01 / 500, i = 163 / 12941000, lr= 0.001000, loss = 1.140819	
Epoch 1.01 / 500, i = 164 / 12941000, lr= 0.001000, loss = 1.148061	
Epoch 1.01 / 500, i = 165 / 12941000, lr= 0.001000, loss = 1.051905	
Epoch 1.01 / 500, i = 166 / 12941000, lr= 0.001000, loss = 1.003348	
Epoch 1.01 / 500, i = 167 / 12941000, lr= 0.001000, loss = 1.100825	
Epoch 1.01 / 500, i = 168 / 12941000, lr= 0.001000, loss = 1.288383	
Epoch 1.01 / 500, i = 169 / 12941000, lr= 0.001000, loss = 1.065668	
Epoch 1.01 / 500, i = 170 / 12941000, lr= 0.001000, loss = 1.161352	
Epoch 1.01 / 500, i = 171 / 12941000, lr= 0.001000, loss = 1.276996	
Epoch 1.01 / 500, i = 172 / 12941000, lr= 0.001000, loss = 1.271660	
Epoch 1.01 / 500, i = 173 / 12941000, lr= 0.001000, loss = 1.231083	
Epoch 1.01 / 500, i = 174 / 12941000, lr= 0.001000, loss = 1.182033	
Epoch 1.01 / 500, i = 175 / 12941000, lr= 0.001000, loss = 1.054068	
Epoch 1.01 / 500, i = 176 / 12941000, lr= 0.001000, loss = 1.000099	
Epoch 1.01 / 500, i = 177 / 12941000, lr= 0.001000, loss = 1.275250	
Epoch 1.01 / 500, i = 178 / 12941000, lr= 0.001000, loss = 1.182839	
Epoch 1.01 / 500, i = 179 / 12941000, lr= 0.001000, loss = 1.312612	
Epoch 1.01 / 500, i = 180 / 12941000, lr= 0.001000, loss = 1.088239	
Epoch 1.01 / 500, i = 181 / 12941000, lr= 0.001000, loss = 1.159349	
Epoch 1.01 / 500, i = 182 / 12941000, lr= 0.001000, loss = 1.083760	
Epoch 1.01 / 500, i = 183 / 12941000, lr= 0.001000, loss = 1.066225	
Epoch 1.01 / 500, i = 184 / 12941000, lr= 0.001000, loss = 1.024222	
Epoch 1.01 / 500, i = 185 / 12941000, lr= 0.001000, loss = 1.267913	
Epoch 1.01 / 500, i = 186 / 12941000, lr= 0.001000, loss = 1.021938	
Epoch 1.01 / 500, i = 187 / 12941000, lr= 0.001000, loss = 1.128683	
Epoch 1.01 / 500, i = 188 / 12941000, lr= 0.001000, loss = 1.071136	
Epoch 1.01 / 500, i = 189 / 12941000, lr= 0.001000, loss = 1.046475	
Epoch 1.01 / 500, i = 190 / 12941000, lr= 0.001000, loss = 1.135328	
Epoch 1.01 / 500, i = 191 / 12941000, lr= 0.001000, loss = 1.150938	
Epoch 1.01 / 500, i = 192 / 12941000, lr= 0.001000, loss = 1.139790	
Epoch 1.01 / 500, i = 193 / 12941000, lr= 0.001000, loss = 1.242730	
Epoch 1.01 / 500, i = 194 / 12941000, lr= 0.001000, loss = 1.296538	
Epoch 1.01 / 500, i = 195 / 12941000, lr= 0.001000, loss = 1.005893	
Epoch 1.01 / 500, i = 196 / 12941000, lr= 0.001000, loss = 1.077097	
Epoch 1.01 / 500, i = 197 / 12941000, lr= 0.001000, loss = 1.172021	
Epoch 1.01 / 500, i = 198 / 12941000, lr= 0.001000, loss = 1.092359	
Epoch 1.01 / 500, i = 199 / 12941000, lr= 0.001000, loss = 1.102667	
Epoch 1.01 / 500, i = 200 / 12941000, lr= 0.001000, loss = 1.391963	
Epoch 1.01 / 500, i = 201 / 12941000, lr= 0.001000, loss = 1.219327	
Epoch 1.01 / 500, i = 202 / 12941000, lr= 0.001000, loss = 1.169434	
Epoch 1.01 / 500, i = 203 / 12941000, lr= 0.001000, loss = 1.238864	
Epoch 1.01 / 500, i = 204 / 12941000, lr= 0.001000, loss = 1.194483	
Epoch 1.01 / 500, i = 205 / 12941000, lr= 0.001000, loss = 1.132315	
Epoch 1.01 / 500, i = 206 / 12941000, lr= 0.001000, loss = 1.287667	
Epoch 1.01 / 500, i = 207 / 12941000, lr= 0.001000, loss = 1.044577	
Epoch 1.01 / 500, i = 208 / 12941000, lr= 0.001000, loss = 1.025637	
Epoch 1.01 / 500, i = 209 / 12941000, lr= 0.001000, loss = 1.168705	
Epoch 1.01 / 500, i = 210 / 12941000, lr= 0.001000, loss = 1.281158	
Epoch 1.01 / 500, i = 211 / 12941000, lr= 0.001000, loss = 1.157626	
Epoch 1.01 / 500, i = 212 / 12941000, lr= 0.001000, loss = 1.349463	
Epoch 1.01 / 500, i = 213 / 12941000, lr= 0.001000, loss = 1.315744	
Epoch 1.01 / 500, i = 214 / 12941000, lr= 0.001000, loss = 1.166822	
Epoch 1.01 / 500, i = 215 / 12941000, lr= 0.001000, loss = 1.112070	
Epoch 1.01 / 500, i = 216 / 12941000, lr= 0.001000, loss = 1.011102	
Epoch 1.01 / 500, i = 217 / 12941000, lr= 0.001000, loss = 1.086546	
Epoch 1.01 / 500, i = 218 / 12941000, lr= 0.001000, loss = 1.043918	
Epoch 1.01 / 500, i = 219 / 12941000, lr= 0.001000, loss = 0.955591	
Epoch 1.01 / 500, i = 220 / 12941000, lr= 0.001000, loss = 1.136471	
Epoch 1.01 / 500, i = 221 / 12941000, lr= 0.001000, loss = 1.124785	
Epoch 1.01 / 500, i = 222 / 12941000, lr= 0.001000, loss = 1.170789	
Epoch 1.01 / 500, i = 223 / 12941000, lr= 0.001000, loss = 1.139471	
Epoch 1.01 / 500, i = 224 / 12941000, lr= 0.001000, loss = 1.060394	
Epoch 1.01 / 500, i = 225 / 12941000, lr= 0.001000, loss = 1.137120	
Epoch 1.01 / 500, i = 226 / 12941000, lr= 0.001000, loss = 1.031551	
Epoch 1.01 / 500, i = 227 / 12941000, lr= 0.001000, loss = 1.250206	
Epoch 1.01 / 500, i = 228 / 12941000, lr= 0.001000, loss = 1.146311	
Epoch 1.01 / 500, i = 229 / 12941000, lr= 0.001000, loss = 1.145342	
Epoch 1.01 / 500, i = 230 / 12941000, lr= 0.001000, loss = 1.042445	
Epoch 1.01 / 500, i = 231 / 12941000, lr= 0.001000, loss = 1.214677	
Epoch 1.01 / 500, i = 232 / 12941000, lr= 0.001000, loss = 1.214024	
Epoch 1.01 / 500, i = 233 / 12941000, lr= 0.001000, loss = 1.013266	
Epoch 1.01 / 500, i = 234 / 12941000, lr= 0.001000, loss = 1.237714	
Epoch 1.01 / 500, i = 235 / 12941000, lr= 0.001000, loss = 1.064935	
Epoch 1.01 / 500, i = 236 / 12941000, lr= 0.001000, loss = 1.090261	
Epoch 1.01 / 500, i = 237 / 12941000, lr= 0.001000, loss = 1.030249	
Epoch 1.01 / 500, i = 238 / 12941000, lr= 0.001000, loss = 1.068079	
Epoch 1.01 / 500, i = 239 / 12941000, lr= 0.001000, loss = 1.085662	
Epoch 1.01 / 500, i = 240 / 12941000, lr= 0.001000, loss = 1.127542	
Epoch 1.01 / 500, i = 241 / 12941000, lr= 0.001000, loss = 1.029539	
Epoch 1.01 / 500, i = 242 / 12941000, lr= 0.001000, loss = 1.168054	
Epoch 1.01 / 500, i = 243 / 12941000, lr= 0.001000, loss = 1.148373	
Epoch 1.01 / 500, i = 244 / 12941000, lr= 0.001000, loss = 1.006836	
Epoch 1.01 / 500, i = 245 / 12941000, lr= 0.001000, loss = 1.083121	
Epoch 1.01 / 500, i = 246 / 12941000, lr= 0.001000, loss = 1.039329	
Epoch 1.01 / 500, i = 247 / 12941000, lr= 0.001000, loss = 1.041116	
Epoch 1.01 / 500, i = 248 / 12941000, lr= 0.001000, loss = 0.970513	
Epoch 1.01 / 500, i = 249 / 12941000, lr= 0.001000, loss = 1.242100	
Epoch 1.01 / 500, i = 250 / 12941000, lr= 0.001000, loss = 1.175184	
THCudaCheck FAIL file=/home/ubuntu/torch/extra/cutorch/lib/THC/generic/THCStorage.cu line=40 error=2 : out of memory
/home/ubuntu/torch/install/bin/luajit: /home/ubuntu/torch/install/share/lua/5.1/nn/Module.lua:271: cuda runtime error (2) : out of memory at /home/ubuntu/torch/extra/cutorch/lib/THC/generic/THCStorage.cu:40
stack traceback:
	[C]: in function 'Tensor'
	/home/ubuntu/torch/install/share/lua/5.1/nn/Module.lua:271: in function 'flatten'
	/home/ubuntu/torch/install/share/lua/5.1/nn/Module.lua:288: in function 'getParameters'
	train.lua:236: in main chunk
	[C]: in function 'dofile'
	...untu/torch/install/lib/luarocks/rocks/trepl/scm-1/bin/th:145: in main chunk
	[C]: at 0x00406670
